 [INFO]    : Begin compilation of project "main"...

avr-gcc (GCC) 5.4.0
Copyright (C) 2015 Free Software Foundation, Inc.
This is free software; see the source for copying conditions.  There is NO
warranty; not even for MERCHANTABILITY or FITNESS FOR A PARTICULAR PURPOSE.

 [GCC]     : Compiling C file "main.c"
avr-gcc -c -pipe -gdwarf-2 -g2 -mmcu=atmega32u4 -fshort-enums -fno-inline-small-functions -Wall -fno-strict-aliasing -funsigned-char -funsigned-bitfields -ffunction-sections -I. -DARCH=ARCH_AVR8 -DDMBS_ARCH_AVR8 -mrelax -fno-jump-tables -x c -Os -std=gnu99 -Wstrict-prototypes -DF_CPU=16000000UL -DUSE_LUFA_CONFIG_HEADER -IConfig/ -I../SSD1306/ -I./ -I. -I../lufa-LUFA-210130/LUFA/.. -DARCH=ARCH_AVR8 -DBOARD=BOARD_USBKEY -DF_USB=16000000UL   -MMD -MP -MF obj/main.d main.c -o obj/main.o
 [GCC]     : Compiling C file "HIDParser.c"
avr-gcc -c -pipe -gdwarf-2 -g2 -mmcu=atmega32u4 -fshort-enums -fno-inline-small-functions -Wall -fno-strict-aliasing -funsigned-char -funsigned-bitfields -ffunction-sections -I. -DARCH=ARCH_AVR8 -DDMBS_ARCH_AVR8 -mrelax -fno-jump-tables -x c -Os -std=gnu99 -Wstrict-prototypes -DF_CPU=16000000UL -DUSE_LUFA_CONFIG_HEADER -IConfig/ -I../SSD1306/ -I./ -I. -I../lufa-LUFA-210130/LUFA/.. -DARCH=ARCH_AVR8 -DBOARD=BOARD_USBKEY -DF_USB=16000000UL   -MMD -MP -MF obj/HIDParser.d ../lufa-LUFA-210130/LUFA/Drivers/USB/Class/Common/HIDParser.c -o obj/HIDParser.o
 [GCC]     : Compiling C file "Device_AVR8.c"
avr-gcc -c -pipe -gdwarf-2 -g2 -mmcu=atmega32u4 -fshort-enums -fno-inline-small-functions -Wall -fno-strict-aliasing -funsigned-char -funsigned-bitfields -ffunction-sections -I. -DARCH=ARCH_AVR8 -DDMBS_ARCH_AVR8 -mrelax -fno-jump-tables -x c -Os -std=gnu99 -Wstrict-prototypes -DF_CPU=16000000UL -DUSE_LUFA_CONFIG_HEADER -IConfig/ -I../SSD1306/ -I./ -I. -I../lufa-LUFA-210130/LUFA/.. -DARCH=ARCH_AVR8 -DBOARD=BOARD_USBKEY -DF_USB=16000000UL   -MMD -MP -MF obj/Device_AVR8.d ../lufa-LUFA-210130/LUFA/Drivers/USB/Core/AVR8/Device_AVR8.c -o obj/Device_AVR8.o
 [GCC]     : Compiling C file "EndpointStream_AVR8.c"
avr-gcc -c -pipe -gdwarf-2 -g2 -mmcu=atmega32u4 -fshort-enums -fno-inline-small-functions -Wall -fno-strict-aliasing -funsigned-char -funsigned-bitfields -ffunction-sections -I. -DARCH=ARCH_AVR8 -DDMBS_ARCH_AVR8 -mrelax -fno-jump-tables -x c -Os -std=gnu99 -Wstrict-prototypes -DF_CPU=16000000UL -DUSE_LUFA_CONFIG_HEADER -IConfig/ -I../SSD1306/ -I./ -I. -I../lufa-LUFA-210130/LUFA/.. -DARCH=ARCH_AVR8 -DBOARD=BOARD_USBKEY -DF_USB=16000000UL   -MMD -MP -MF obj/EndpointStream_AVR8.d ../lufa-LUFA-210130/LUFA/Drivers/USB/Core/AVR8/EndpointStream_AVR8.c -o obj/EndpointStream_AVR8.o
 [GCC]     : Compiling C file "Endpoint_AVR8.c"
avr-gcc -c -pipe -gdwarf-2 -g2 -mmcu=atmega32u4 -fshort-enums -fno-inline-small-functions -Wall -fno-strict-aliasing -funsigned-char -funsigned-bitfields -ffunction-sections -I. -DARCH=ARCH_AVR8 -DDMBS_ARCH_AVR8 -mrelax -fno-jump-tables -x c -Os -std=gnu99 -Wstrict-prototypes -DF_CPU=16000000UL -DUSE_LUFA_CONFIG_HEADER -IConfig/ -I../SSD1306/ -I./ -I. -I../lufa-LUFA-210130/LUFA/.. -DARCH=ARCH_AVR8 -DBOARD=BOARD_USBKEY -DF_USB=16000000UL   -MMD -MP -MF obj/Endpoint_AVR8.d ../lufa-LUFA-210130/LUFA/Drivers/USB/Core/AVR8/Endpoint_AVR8.c -o obj/Endpoint_AVR8.o
 [GCC]     : Compiling C file "Host_AVR8.c"
avr-gcc -c -pipe -gdwarf-2 -g2 -mmcu=atmega32u4 -fshort-enums -fno-inline-small-functions -Wall -fno-strict-aliasing -funsigned-char -funsigned-bitfields -ffunction-sections -I. -DARCH=ARCH_AVR8 -DDMBS_ARCH_AVR8 -mrelax -fno-jump-tables -x c -Os -std=gnu99 -Wstrict-prototypes -DF_CPU=16000000UL -DUSE_LUFA_CONFIG_HEADER -IConfig/ -I../SSD1306/ -I./ -I. -I../lufa-LUFA-210130/LUFA/.. -DARCH=ARCH_AVR8 -DBOARD=BOARD_USBKEY -DF_USB=16000000UL   -MMD -MP -MF obj/Host_AVR8.d ../lufa-LUFA-210130/LUFA/Drivers/USB/Core/AVR8/Host_AVR8.c -o obj/Host_AVR8.o
 [GCC]     : Compiling C file "PipeStream_AVR8.c"
avr-gcc -c -pipe -gdwarf-2 -g2 -mmcu=atmega32u4 -fshort-enums -fno-inline-small-functions -Wall -fno-strict-aliasing -funsigned-char -funsigned-bitfields -ffunction-sections -I. -DARCH=ARCH_AVR8 -DDMBS_ARCH_AVR8 -mrelax -fno-jump-tables -x c -Os -std=gnu99 -Wstrict-prototypes -DF_CPU=16000000UL -DUSE_LUFA_CONFIG_HEADER -IConfig/ -I../SSD1306/ -I./ -I. -I../lufa-LUFA-210130/LUFA/.. -DARCH=ARCH_AVR8 -DBOARD=BOARD_USBKEY -DF_USB=16000000UL   -MMD -MP -MF obj/PipeStream_AVR8.d ../lufa-LUFA-210130/LUFA/Drivers/USB/Core/AVR8/PipeStream_AVR8.c -o obj/PipeStream_AVR8.o
 [GCC]     : Compiling C file "Pipe_AVR8.c"
avr-gcc -c -pipe -gdwarf-2 -g2 -mmcu=atmega32u4 -fshort-enums -fno-inline-small-functions -Wall -fno-strict-aliasing -funsigned-char -funsigned-bitfields -ffunction-sections -I. -DARCH=ARCH_AVR8 -DDMBS_ARCH_AVR8 -mrelax -fno-jump-tables -x c -Os -std=gnu99 -Wstrict-prototypes -DF_CPU=16000000UL -DUSE_LUFA_CONFIG_HEADER -IConfig/ -I../SSD1306/ -I./ -I. -I../lufa-LUFA-210130/LUFA/.. -DARCH=ARCH_AVR8 -DBOARD=BOARD_USBKEY -DF_USB=16000000UL   -MMD -MP -MF obj/Pipe_AVR8.d ../lufa-LUFA-210130/LUFA/Drivers/USB/Core/AVR8/Pipe_AVR8.c -o obj/Pipe_AVR8.o
 [GCC]     : Compiling C file "USBController_AVR8.c"
avr-gcc -c -pipe -gdwarf-2 -g2 -mmcu=atmega32u4 -fshort-enums -fno-inline-small-functions -Wall -fno-strict-aliasing -funsigned-char -funsigned-bitfields -ffunction-sections -I. -DARCH=ARCH_AVR8 -DDMBS_ARCH_AVR8 -mrelax -fno-jump-tables -x c -Os -std=gnu99 -Wstrict-prototypes -DF_CPU=16000000UL -DUSE_LUFA_CONFIG_HEADER -IConfig/ -I../SSD1306/ -I./ -I. -I../lufa-LUFA-210130/LUFA/.. -DARCH=ARCH_AVR8 -DBOARD=BOARD_USBKEY -DF_USB=16000000UL   -MMD -MP -MF obj/USBController_AVR8.d ../lufa-LUFA-210130/LUFA/Drivers/USB/Core/AVR8/USBController_AVR8.c -o obj/USBController_AVR8.o
 [GCC]     : Compiling C file "USBInterrupt_AVR8.c"
avr-gcc -c -pipe -gdwarf-2 -g2 -mmcu=atmega32u4 -fshort-enums -fno-inline-small-functions -Wall -fno-strict-aliasing -funsigned-char -funsigned-bitfields -ffunction-sections -I. -DARCH=ARCH_AVR8 -DDMBS_ARCH_AVR8 -mrelax -fno-jump-tables -x c -Os -std=gnu99 -Wstrict-prototypes -DF_CPU=16000000UL -DUSE_LUFA_CONFIG_HEADER -IConfig/ -I../SSD1306/ -I./ -I. -I../lufa-LUFA-210130/LUFA/.. -DARCH=ARCH_AVR8 -DBOARD=BOARD_USBKEY -DF_USB=16000000UL   -MMD -MP -MF obj/USBInterrupt_AVR8.d ../lufa-LUFA-210130/LUFA/Drivers/USB/Core/AVR8/USBInterrupt_AVR8.c -o obj/USBInterrupt_AVR8.o
 [GCC]     : Compiling C file "ConfigDescriptors.c"
avr-gcc -c -pipe -gdwarf-2 -g2 -mmcu=atmega32u4 -fshort-enums -fno-inline-small-functions -Wall -fno-strict-aliasing -funsigned-char -funsigned-bitfields -ffunction-sections -I. -DARCH=ARCH_AVR8 -DDMBS_ARCH_AVR8 -mrelax -fno-jump-tables -x c -Os -std=gnu99 -Wstrict-prototypes -DF_CPU=16000000UL -DUSE_LUFA_CONFIG_HEADER -IConfig/ -I../SSD1306/ -I./ -I. -I../lufa-LUFA-210130/LUFA/.. -DARCH=ARCH_AVR8 -DBOARD=BOARD_USBKEY -DF_USB=16000000UL   -MMD -MP -MF obj/ConfigDescriptors.d ../lufa-LUFA-210130/LUFA/Drivers/USB/Core/ConfigDescriptors.c -o obj/ConfigDescriptors.o
 [GCC]     : Compiling C file "DeviceStandardReq.c"
avr-gcc -c -pipe -gdwarf-2 -g2 -mmcu=atmega32u4 -fshort-enums -fno-inline-small-functions -Wall -fno-strict-aliasing -funsigned-char -funsigned-bitfields -ffunction-sections -I. -DARCH=ARCH_AVR8 -DDMBS_ARCH_AVR8 -mrelax -fno-jump-tables -x c -Os -std=gnu99 -Wstrict-prototypes -DF_CPU=16000000UL -DUSE_LUFA_CONFIG_HEADER -IConfig/ -I../SSD1306/ -I./ -I. -I../lufa-LUFA-210130/LUFA/.. -DARCH=ARCH_AVR8 -DBOARD=BOARD_USBKEY -DF_USB=16000000UL   -MMD -MP -MF obj/DeviceStandardReq.d ../lufa-LUFA-210130/LUFA/Drivers/USB/Core/DeviceStandardReq.c -o obj/DeviceStandardReq.o
 [GCC]     : Compiling C file "Events.c"
avr-gcc -c -pipe -gdwarf-2 -g2 -mmcu=atmega32u4 -fshort-enums -fno-inline-small-functions -Wall -fno-strict-aliasing -funsigned-char -funsigned-bitfields -ffunction-sections -I. -DARCH=ARCH_AVR8 -DDMBS_ARCH_AVR8 -mrelax -fno-jump-tables -x c -Os -std=gnu99 -Wstrict-prototypes -DF_CPU=16000000UL -DUSE_LUFA_CONFIG_HEADER -IConfig/ -I../SSD1306/ -I./ -I. -I../lufa-LUFA-210130/LUFA/.. -DARCH=ARCH_AVR8 -DBOARD=BOARD_USBKEY -DF_USB=16000000UL   -MMD -MP -MF obj/Events.d ../lufa-LUFA-210130/LUFA/Drivers/USB/Core/Events.c -o obj/Events.o
 [GCC]     : Compiling C file "HostStandardReq.c"
avr-gcc -c -pipe -gdwarf-2 -g2 -mmcu=atmega32u4 -fshort-enums -fno-inline-small-functions -Wall -fno-strict-aliasing -funsigned-char -funsigned-bitfields -ffunction-sections -I. -DARCH=ARCH_AVR8 -DDMBS_ARCH_AVR8 -mrelax -fno-jump-tables -x c -Os -std=gnu99 -Wstrict-prototypes -DF_CPU=16000000UL -DUSE_LUFA_CONFIG_HEADER -IConfig/ -I../SSD1306/ -I./ -I. -I../lufa-LUFA-210130/LUFA/.. -DARCH=ARCH_AVR8 -DBOARD=BOARD_USBKEY -DF_USB=16000000UL   -MMD -MP -MF obj/HostStandardReq.d ../lufa-LUFA-210130/LUFA/Drivers/USB/Core/HostStandardReq.c -o obj/HostStandardReq.o
 [GCC]     : Compiling C file "USBTask.c"
avr-gcc -c -pipe -gdwarf-2 -g2 -mmcu=atmega32u4 -fshort-enums -fno-inline-small-functions -Wall -fno-strict-aliasing -funsigned-char -funsigned-bitfields -ffunction-sections -I. -DARCH=ARCH_AVR8 -DDMBS_ARCH_AVR8 -mrelax -fno-jump-tables -x c -Os -std=gnu99 -Wstrict-prototypes -DF_CPU=16000000UL -DUSE_LUFA_CONFIG_HEADER -IConfig/ -I../SSD1306/ -I./ -I. -I../lufa-LUFA-210130/LUFA/.. -DARCH=ARCH_AVR8 -DBOARD=BOARD_USBKEY -DF_USB=16000000UL   -MMD -MP -MF obj/USBTask.d ../lufa-LUFA-210130/LUFA/Drivers/USB/Core/USBTask.c -o obj/USBTask.o
 [GCC]     : Compiling C file "AudioClassDevice.c"
avr-gcc -c -pipe -gdwarf-2 -g2 -mmcu=atmega32u4 -fshort-enums -fno-inline-small-functions -Wall -fno-strict-aliasing -funsigned-char -funsigned-bitfields -ffunction-sections -I. -DARCH=ARCH_AVR8 -DDMBS_ARCH_AVR8 -mrelax -fno-jump-tables -x c -Os -std=gnu99 -Wstrict-prototypes -DF_CPU=16000000UL -DUSE_LUFA_CONFIG_HEADER -IConfig/ -I../SSD1306/ -I./ -I. -I../lufa-LUFA-210130/LUFA/.. -DARCH=ARCH_AVR8 -DBOARD=BOARD_USBKEY -DF_USB=16000000UL   -MMD -MP -MF obj/AudioClassDevice.d ../lufa-LUFA-210130/LUFA/Drivers/USB/Class/Device/AudioClassDevice.c -o obj/AudioClassDevice.o
 [GCC]     : Compiling C file "CCIDClassDevice.c"
avr-gcc -c -pipe -gdwarf-2 -g2 -mmcu=atmega32u4 -fshort-enums -fno-inline-small-functions -Wall -fno-strict-aliasing -funsigned-char -funsigned-bitfields -ffunction-sections -I. -DARCH=ARCH_AVR8 -DDMBS_ARCH_AVR8 -mrelax -fno-jump-tables -x c -Os -std=gnu99 -Wstrict-prototypes -DF_CPU=16000000UL -DUSE_LUFA_CONFIG_HEADER -IConfig/ -I../SSD1306/ -I./ -I. -I../lufa-LUFA-210130/LUFA/.. -DARCH=ARCH_AVR8 -DBOARD=BOARD_USBKEY -DF_USB=16000000UL   -MMD -MP -MF obj/CCIDClassDevice.d ../lufa-LUFA-210130/LUFA/Drivers/USB/Class/Device/CCIDClassDevice.c -o obj/CCIDClassDevice.o
 [GCC]     : Compiling C file "CDCClassDevice.c"
avr-gcc -c -pipe -gdwarf-2 -g2 -mmcu=atmega32u4 -fshort-enums -fno-inline-small-functions -Wall -fno-strict-aliasing -funsigned-char -funsigned-bitfields -ffunction-sections -I. -DARCH=ARCH_AVR8 -DDMBS_ARCH_AVR8 -mrelax -fno-jump-tables -x c -Os -std=gnu99 -Wstrict-prototypes -DF_CPU=16000000UL -DUSE_LUFA_CONFIG_HEADER -IConfig/ -I../SSD1306/ -I./ -I. -I../lufa-LUFA-210130/LUFA/.. -DARCH=ARCH_AVR8 -DBOARD=BOARD_USBKEY -DF_USB=16000000UL   -MMD -MP -MF obj/CDCClassDevice.d ../lufa-LUFA-210130/LUFA/Drivers/USB/Class/Device/CDCClassDevice.c -o obj/CDCClassDevice.o
 [GCC]     : Compiling C file "HIDClassDevice.c"
avr-gcc -c -pipe -gdwarf-2 -g2 -mmcu=atmega32u4 -fshort-enums -fno-inline-small-functions -Wall -fno-strict-aliasing -funsigned-char -funsigned-bitfields -ffunction-sections -I. -DARCH=ARCH_AVR8 -DDMBS_ARCH_AVR8 -mrelax -fno-jump-tables -x c -Os -std=gnu99 -Wstrict-prototypes -DF_CPU=16000000UL -DUSE_LUFA_CONFIG_HEADER -IConfig/ -I../SSD1306/ -I./ -I. -I../lufa-LUFA-210130/LUFA/.. -DARCH=ARCH_AVR8 -DBOARD=BOARD_USBKEY -DF_USB=16000000UL   -MMD -MP -MF obj/HIDClassDevice.d ../lufa-LUFA-210130/LUFA/Drivers/USB/Class/Device/HIDClassDevice.c -o obj/HIDClassDevice.o
 [GCC]     : Compiling C file "MassStorageClassDevice.c"
avr-gcc -c -pipe -gdwarf-2 -g2 -mmcu=atmega32u4 -fshort-enums -fno-inline-small-functions -Wall -fno-strict-aliasing -funsigned-char -funsigned-bitfields -ffunction-sections -I. -DARCH=ARCH_AVR8 -DDMBS_ARCH_AVR8 -mrelax -fno-jump-tables -x c -Os -std=gnu99 -Wstrict-prototypes -DF_CPU=16000000UL -DUSE_LUFA_CONFIG_HEADER -IConfig/ -I../SSD1306/ -I./ -I. -I../lufa-LUFA-210130/LUFA/.. -DARCH=ARCH_AVR8 -DBOARD=BOARD_USBKEY -DF_USB=16000000UL   -MMD -MP -MF obj/MassStorageClassDevice.d ../lufa-LUFA-210130/LUFA/Drivers/USB/Class/Device/MassStorageClassDevice.c -o obj/MassStorageClassDevice.o
 [GCC]     : Compiling C file "MIDIClassDevice.c"
avr-gcc -c -pipe -gdwarf-2 -g2 -mmcu=atmega32u4 -fshort-enums -fno-inline-small-functions -Wall -fno-strict-aliasing -funsigned-char -funsigned-bitfields -ffunction-sections -I. -DARCH=ARCH_AVR8 -DDMBS_ARCH_AVR8 -mrelax -fno-jump-tables -x c -Os -std=gnu99 -Wstrict-prototypes -DF_CPU=16000000UL -DUSE_LUFA_CONFIG_HEADER -IConfig/ -I../SSD1306/ -I./ -I. -I../lufa-LUFA-210130/LUFA/.. -DARCH=ARCH_AVR8 -DBOARD=BOARD_USBKEY -DF_USB=16000000UL   -MMD -MP -MF obj/MIDIClassDevice.d ../lufa-LUFA-210130/LUFA/Drivers/USB/Class/Device/MIDIClassDevice.c -o obj/MIDIClassDevice.o
 [GCC]     : Compiling C file "PrinterClassDevice.c"
avr-gcc -c -pipe -gdwarf-2 -g2 -mmcu=atmega32u4 -fshort-enums -fno-inline-small-functions -Wall -fno-strict-aliasing -funsigned-char -funsigned-bitfields -ffunction-sections -I. -DARCH=ARCH_AVR8 -DDMBS_ARCH_AVR8 -mrelax -fno-jump-tables -x c -Os -std=gnu99 -Wstrict-prototypes -DF_CPU=16000000UL -DUSE_LUFA_CONFIG_HEADER -IConfig/ -I../SSD1306/ -I./ -I. -I../lufa-LUFA-210130/LUFA/.. -DARCH=ARCH_AVR8 -DBOARD=BOARD_USBKEY -DF_USB=16000000UL   -MMD -MP -MF obj/PrinterClassDevice.d ../lufa-LUFA-210130/LUFA/Drivers/USB/Class/Device/PrinterClassDevice.c -o obj/PrinterClassDevice.o
 [GCC]     : Compiling C file "RNDISClassDevice.c"
avr-gcc -c -pipe -gdwarf-2 -g2 -mmcu=atmega32u4 -fshort-enums -fno-inline-small-functions -Wall -fno-strict-aliasing -funsigned-char -funsigned-bitfields -ffunction-sections -I. -DARCH=ARCH_AVR8 -DDMBS_ARCH_AVR8 -mrelax -fno-jump-tables -x c -Os -std=gnu99 -Wstrict-prototypes -DF_CPU=16000000UL -DUSE_LUFA_CONFIG_HEADER -IConfig/ -I../SSD1306/ -I./ -I. -I../lufa-LUFA-210130/LUFA/.. -DARCH=ARCH_AVR8 -DBOARD=BOARD_USBKEY -DF_USB=16000000UL   -MMD -MP -MF obj/RNDISClassDevice.d ../lufa-LUFA-210130/LUFA/Drivers/USB/Class/Device/RNDISClassDevice.c -o obj/RNDISClassDevice.o
 [GCC]     : Compiling C file "AndroidAccessoryClassHost.c"
avr-gcc -c -pipe -gdwarf-2 -g2 -mmcu=atmega32u4 -fshort-enums -fno-inline-small-functions -Wall -fno-strict-aliasing -funsigned-char -funsigned-bitfields -ffunction-sections -I. -DARCH=ARCH_AVR8 -DDMBS_ARCH_AVR8 -mrelax -fno-jump-tables -x c -Os -std=gnu99 -Wstrict-prototypes -DF_CPU=16000000UL -DUSE_LUFA_CONFIG_HEADER -IConfig/ -I../SSD1306/ -I./ -I. -I../lufa-LUFA-210130/LUFA/.. -DARCH=ARCH_AVR8 -DBOARD=BOARD_USBKEY -DF_USB=16000000UL   -MMD -MP -MF obj/AndroidAccessoryClassHost.d ../lufa-LUFA-210130/LUFA/Drivers/USB/Class/Host/AndroidAccessoryClassHost.c -o obj/AndroidAccessoryClassHost.o
 [GCC]     : Compiling C file "AudioClassHost.c"
avr-gcc -c -pipe -gdwarf-2 -g2 -mmcu=atmega32u4 -fshort-enums -fno-inline-small-functions -Wall -fno-strict-aliasing -funsigned-char -funsigned-bitfields -ffunction-sections -I. -DARCH=ARCH_AVR8 -DDMBS_ARCH_AVR8 -mrelax -fno-jump-tables -x c -Os -std=gnu99 -Wstrict-prototypes -DF_CPU=16000000UL -DUSE_LUFA_CONFIG_HEADER -IConfig/ -I../SSD1306/ -I./ -I. -I../lufa-LUFA-210130/LUFA/.. -DARCH=ARCH_AVR8 -DBOARD=BOARD_USBKEY -DF_USB=16000000UL   -MMD -MP -MF obj/AudioClassHost.d ../lufa-LUFA-210130/LUFA/Drivers/USB/Class/Host/AudioClassHost.c -o obj/AudioClassHost.o
 [GCC]     : Compiling C file "CDCClassHost.c"
avr-gcc -c -pipe -gdwarf-2 -g2 -mmcu=atmega32u4 -fshort-enums -fno-inline-small-functions -Wall -fno-strict-aliasing -funsigned-char -funsigned-bitfields -ffunction-sections -I. -DARCH=ARCH_AVR8 -DDMBS_ARCH_AVR8 -mrelax -fno-jump-tables -x c -Os -std=gnu99 -Wstrict-prototypes -DF_CPU=16000000UL -DUSE_LUFA_CONFIG_HEADER -IConfig/ -I../SSD1306/ -I./ -I. -I../lufa-LUFA-210130/LUFA/.. -DARCH=ARCH_AVR8 -DBOARD=BOARD_USBKEY -DF_USB=16000000UL   -MMD -MP -MF obj/CDCClassHost.d ../lufa-LUFA-210130/LUFA/Drivers/USB/Class/Host/CDCClassHost.c -o obj/CDCClassHost.o
 [GCC]     : Compiling C file "HIDClassHost.c"
avr-gcc -c -pipe -gdwarf-2 -g2 -mmcu=atmega32u4 -fshort-enums -fno-inline-small-functions -Wall -fno-strict-aliasing -funsigned-char -funsigned-bitfields -ffunction-sections -I. -DARCH=ARCH_AVR8 -DDMBS_ARCH_AVR8 -mrelax -fno-jump-tables -x c -Os -std=gnu99 -Wstrict-prototypes -DF_CPU=16000000UL -DUSE_LUFA_CONFIG_HEADER -IConfig/ -I../SSD1306/ -I./ -I. -I../lufa-LUFA-210130/LUFA/.. -DARCH=ARCH_AVR8 -DBOARD=BOARD_USBKEY -DF_USB=16000000UL   -MMD -MP -MF obj/HIDClassHost.d ../lufa-LUFA-210130/LUFA/Drivers/USB/Class/Host/HIDClassHost.c -o obj/HIDClassHost.o
 [GCC]     : Compiling C file "MassStorageClassHost.c"
avr-gcc -c -pipe -gdwarf-2 -g2 -mmcu=atmega32u4 -fshort-enums -fno-inline-small-functions -Wall -fno-strict-aliasing -funsigned-char -funsigned-bitfields -ffunction-sections -I. -DARCH=ARCH_AVR8 -DDMBS_ARCH_AVR8 -mrelax -fno-jump-tables -x c -Os -std=gnu99 -Wstrict-prototypes -DF_CPU=16000000UL -DUSE_LUFA_CONFIG_HEADER -IConfig/ -I../SSD1306/ -I./ -I. -I../lufa-LUFA-210130/LUFA/.. -DARCH=ARCH_AVR8 -DBOARD=BOARD_USBKEY -DF_USB=16000000UL   -MMD -MP -MF obj/MassStorageClassHost.d ../lufa-LUFA-210130/LUFA/Drivers/USB/Class/Host/MassStorageClassHost.c -o obj/MassStorageClassHost.o
 [GCC]     : Compiling C file "MIDIClassHost.c"
avr-gcc -c -pipe -gdwarf-2 -g2 -mmcu=atmega32u4 -fshort-enums -fno-inline-small-functions -Wall -fno-strict-aliasing -funsigned-char -funsigned-bitfields -ffunction-sections -I. -DARCH=ARCH_AVR8 -DDMBS_ARCH_AVR8 -mrelax -fno-jump-tables -x c -Os -std=gnu99 -Wstrict-prototypes -DF_CPU=16000000UL -DUSE_LUFA_CONFIG_HEADER -IConfig/ -I../SSD1306/ -I./ -I. -I../lufa-LUFA-210130/LUFA/.. -DARCH=ARCH_AVR8 -DBOARD=BOARD_USBKEY -DF_USB=16000000UL   -MMD -MP -MF obj/MIDIClassHost.d ../lufa-LUFA-210130/LUFA/Drivers/USB/Class/Host/MIDIClassHost.c -o obj/MIDIClassHost.o
 [GCC]     : Compiling C file "PrinterClassHost.c"
avr-gcc -c -pipe -gdwarf-2 -g2 -mmcu=atmega32u4 -fshort-enums -fno-inline-small-functions -Wall -fno-strict-aliasing -funsigned-char -funsigned-bitfields -ffunction-sections -I. -DARCH=ARCH_AVR8 -DDMBS_ARCH_AVR8 -mrelax -fno-jump-tables -x c -Os -std=gnu99 -Wstrict-prototypes -DF_CPU=16000000UL -DUSE_LUFA_CONFIG_HEADER -IConfig/ -I../SSD1306/ -I./ -I. -I../lufa-LUFA-210130/LUFA/.. -DARCH=ARCH_AVR8 -DBOARD=BOARD_USBKEY -DF_USB=16000000UL   -MMD -MP -MF obj/PrinterClassHost.d ../lufa-LUFA-210130/LUFA/Drivers/USB/Class/Host/PrinterClassHost.c -o obj/PrinterClassHost.o
 [GCC]     : Compiling C file "RNDISClassHost.c"
avr-gcc -c -pipe -gdwarf-2 -g2 -mmcu=atmega32u4 -fshort-enums -fno-inline-small-functions -Wall -fno-strict-aliasing -funsigned-char -funsigned-bitfields -ffunction-sections -I. -DARCH=ARCH_AVR8 -DDMBS_ARCH_AVR8 -mrelax -fno-jump-tables -x c -Os -std=gnu99 -Wstrict-prototypes -DF_CPU=16000000UL -DUSE_LUFA_CONFIG_HEADER -IConfig/ -I../SSD1306/ -I./ -I. -I../lufa-LUFA-210130/LUFA/.. -DARCH=ARCH_AVR8 -DBOARD=BOARD_USBKEY -DF_USB=16000000UL   -MMD -MP -MF obj/RNDISClassHost.d ../lufa-LUFA-210130/LUFA/Drivers/USB/Class/Host/RNDISClassHost.c -o obj/RNDISClassHost.o
 [GCC]     : Compiling C file "StillImageClassHost.c"
avr-gcc -c -pipe -gdwarf-2 -g2 -mmcu=atmega32u4 -fshort-enums -fno-inline-small-functions -Wall -fno-strict-aliasing -funsigned-char -funsigned-bitfields -ffunction-sections -I. -DARCH=ARCH_AVR8 -DDMBS_ARCH_AVR8 -mrelax -fno-jump-tables -x c -Os -std=gnu99 -Wstrict-prototypes -DF_CPU=16000000UL -DUSE_LUFA_CONFIG_HEADER -IConfig/ -I../SSD1306/ -I./ -I. -I../lufa-LUFA-210130/LUFA/.. -DARCH=ARCH_AVR8 -DBOARD=BOARD_USBKEY -DF_USB=16000000UL   -MMD -MP -MF obj/StillImageClassHost.d ../lufa-LUFA-210130/LUFA/Drivers/USB/Class/Host/StillImageClassHost.c -o obj/StillImageClassHost.o
 [GCC]     : Compiling C file "ssd1306.c"
avr-gcc -c -pipe -gdwarf-2 -g2 -mmcu=atmega32u4 -fshort-enums -fno-inline-small-functions -Wall -fno-strict-aliasing -funsigned-char -funsigned-bitfields -ffunction-sections -I. -DARCH=ARCH_AVR8 -DDMBS_ARCH_AVR8 -mrelax -fno-jump-tables -x c -Os -std=gnu99 -Wstrict-prototypes -DF_CPU=16000000UL -DUSE_LUFA_CONFIG_HEADER -IConfig/ -I../SSD1306/ -I./ -I. -I../lufa-LUFA-210130/LUFA/.. -DARCH=ARCH_AVR8 -DBOARD=BOARD_USBKEY -DF_USB=16000000UL   -MMD -MP -MF obj/ssd1306.d ../SSD1306/lib/ssd1306.c -o obj/ssd1306.o
 [GCC]     : Compiling C file "twi.c"
avr-gcc -c -pipe -gdwarf-2 -g2 -mmcu=atmega32u4 -fshort-enums -fno-inline-small-functions -Wall -fno-strict-aliasing -funsigned-char -funsigned-bitfields -ffunction-sections -I. -DARCH=ARCH_AVR8 -DDMBS_ARCH_AVR8 -mrelax -fno-jump-tables -x c -Os -std=gnu99 -Wstrict-prototypes -DF_CPU=16000000UL -DUSE_LUFA_CONFIG_HEADER -IConfig/ -I../SSD1306/ -I./ -I. -I../lufa-LUFA-210130/LUFA/.. -DARCH=ARCH_AVR8 -DBOARD=BOARD_USBKEY -DF_USB=16000000UL   -MMD -MP -MF obj/twi.d ../SSD1306/lib/twi.c -o obj/twi.o
 [LNK]     : Linking object files into "main.elf"
avr-gcc obj/main.o obj/HIDParser.o obj/Device_AVR8.o obj/EndpointStream_AVR8.o obj/Endpoint_AVR8.o obj/Host_AVR8.o obj/PipeStream_AVR8.o obj/Pipe_AVR8.o obj/USBController_AVR8.o obj/USBInterrupt_AVR8.o obj/ConfigDescriptors.o obj/DeviceStandardReq.o obj/Events.o obj/HostStandardReq.o obj/USBTask.o obj/AudioClassDevice.o obj/CCIDClassDevice.o obj/CDCClassDevice.o obj/HIDClassDevice.o obj/MassStorageClassDevice.o obj/MIDIClassDevice.o obj/PrinterClassDevice.o obj/RNDISClassDevice.o obj/AndroidAccessoryClassHost.o obj/AudioClassHost.o obj/CDCClassHost.o obj/HIDClassHost.o obj/MassStorageClassHost.o obj/MIDIClassHost.o obj/PrinterClassHost.o obj/RNDISClassHost.o obj/StillImageClassHost.o obj/ssd1306.o obj/twi.o -o main.elf -lm -Wl,-Map=main.map,--cref -Wl,--gc-sections -Wl,--relax -mmcu=atmega32u4 
 [OBJCPY]  : Extracting HEX file data from "main.elf"
avr-objcopy -O ihex -R .eeprom -R .fuse -R .lock -R .signature main.elf main.hex
 [OBJCPY]  : Extracting EEP file data from "main.elf"
avr-objcopy -O ihex -j .eeprom --set-section-flags=.eeprom="alloc,load" --change-section-lma .eeprom=0 --no-change-warnings main.elf main.eep || exit 0
 [OBJCPY]  : Extracting BIN file data from "main.elf"
avr-objcopy -O binary -R .eeprom -R .fuse -R .lock -R .signature main.elf main.bin
 [OBJDMP]  : Extracting LSS file data from "main.elf"
avr-objdump -h -d -S -z main.elf > main.lss
 [NM]      : Extracting SYM file data from "main.elf"
avr-nm -n main.elf > main.sym
 [SIZE]    : Determining size of "main.elf"

avr-size --mcu=atmega32u4 --format=avr main.elf
AVR Memory Usage
----------------
Device: atmega32u4

Program:    2220 bytes (6.8% Full)
(.text + .data + .bootloader)

Data:       1061 bytes (41.4% Full)
(.data + .bss + .noinit)


 [INFO]    : Finished building project "main".
 [INFO]    : Begin compilation of project "main"...

avr-gcc (GCC) 5.4.0
Copyright (C) 2015 Free Software Foundation, Inc.
This is free software; see the source for copying conditions.  There is NO
warranty; not even for MERCHANTABILITY or FITNESS FOR A PARTICULAR PURPOSE.

 [SIZE]    : Determining size of "main.elf"

avr-size --mcu=atmega32u4 --format=avr main.elf
AVR Memory Usage
----------------
Device: atmega32u4

Program:    2220 bytes (6.8% Full)
(.text + .data + .bootloader)

Data:       1061 bytes (41.4% Full)
(.data + .bss + .noinit)


 [INFO]    : Finished building project "main".
 [INFO]    : Begin compilation of project "main"...

avr-gcc (GCC) 5.4.0
Copyright (C) 2015 Free Software Foundation, Inc.
This is free software; see the source for copying conditions.  There is NO
warranty; not even for MERCHANTABILITY or FITNESS FOR A PARTICULAR PURPOSE.

 [GCC]     : Compiling C file "main.c"
avr-gcc -c -pipe -gdwarf-2 -g2 -mmcu=atmega32u4 -fshort-enums -fno-inline-small-functions -Wall -fno-strict-aliasing -funsigned-char -funsigned-bitfields -ffunction-sections -I. -DARCH=ARCH_AVR8 -DDMBS_ARCH_AVR8 -mrelax -fno-jump-tables -x c -Os -std=gnu99 -Wstrict-prototypes -DF_CPU=16000000UL -DUSE_LUFA_CONFIG_HEADER -IConfig/ -I../SSD1306/ -I./ -I. -I../lufa-LUFA-210130/LUFA/.. -DARCH=ARCH_AVR8 -DBOARD=BOARD_USBKEY -DF_USB=16000000UL   -MMD -MP -MF obj/main.d main.c -o obj/main.o
 [GCC]     : Compiling C file "HIDParser.c"
avr-gcc -c -pipe -gdwarf-2 -g2 -mmcu=atmega32u4 -fshort-enums -fno-inline-small-functions -Wall -fno-strict-aliasing -funsigned-char -funsigned-bitfields -ffunction-sections -I. -DARCH=ARCH_AVR8 -DDMBS_ARCH_AVR8 -mrelax -fno-jump-tables -x c -Os -std=gnu99 -Wstrict-prototypes -DF_CPU=16000000UL -DUSE_LUFA_CONFIG_HEADER -IConfig/ -I../SSD1306/ -I./ -I. -I../lufa-LUFA-210130/LUFA/.. -DARCH=ARCH_AVR8 -DBOARD=BOARD_USBKEY -DF_USB=16000000UL   -MMD -MP -MF obj/HIDParser.d ../lufa-LUFA-210130/LUFA/Drivers/USB/Class/Common/HIDParser.c -o obj/HIDParser.o
 [GCC]     : Compiling C file "Device_AVR8.c"
avr-gcc -c -pipe -gdwarf-2 -g2 -mmcu=atmega32u4 -fshort-enums -fno-inline-small-functions -Wall -fno-strict-aliasing -funsigned-char -funsigned-bitfields -ffunction-sections -I. -DARCH=ARCH_AVR8 -DDMBS_ARCH_AVR8 -mrelax -fno-jump-tables -x c -Os -std=gnu99 -Wstrict-prototypes -DF_CPU=16000000UL -DUSE_LUFA_CONFIG_HEADER -IConfig/ -I../SSD1306/ -I./ -I. -I../lufa-LUFA-210130/LUFA/.. -DARCH=ARCH_AVR8 -DBOARD=BOARD_USBKEY -DF_USB=16000000UL   -MMD -MP -MF obj/Device_AVR8.d ../lufa-LUFA-210130/LUFA/Drivers/USB/Core/AVR8/Device_AVR8.c -o obj/Device_AVR8.o
 [GCC]     : Compiling C file "EndpointStream_AVR8.c"
avr-gcc -c -pipe -gdwarf-2 -g2 -mmcu=atmega32u4 -fshort-enums -fno-inline-small-functions -Wall -fno-strict-aliasing -funsigned-char -funsigned-bitfields -ffunction-sections -I. -DARCH=ARCH_AVR8 -DDMBS_ARCH_AVR8 -mrelax -fno-jump-tables -x c -Os -std=gnu99 -Wstrict-prototypes -DF_CPU=16000000UL -DUSE_LUFA_CONFIG_HEADER -IConfig/ -I../SSD1306/ -I./ -I. -I../lufa-LUFA-210130/LUFA/.. -DARCH=ARCH_AVR8 -DBOARD=BOARD_USBKEY -DF_USB=16000000UL   -MMD -MP -MF obj/EndpointStream_AVR8.d ../lufa-LUFA-210130/LUFA/Drivers/USB/Core/AVR8/EndpointStream_AVR8.c -o obj/EndpointStream_AVR8.o
 [GCC]     : Compiling C file "Endpoint_AVR8.c"
avr-gcc -c -pipe -gdwarf-2 -g2 -mmcu=atmega32u4 -fshort-enums -fno-inline-small-functions -Wall -fno-strict-aliasing -funsigned-char -funsigned-bitfields -ffunction-sections -I. -DARCH=ARCH_AVR8 -DDMBS_ARCH_AVR8 -mrelax -fno-jump-tables -x c -Os -std=gnu99 -Wstrict-prototypes -DF_CPU=16000000UL -DUSE_LUFA_CONFIG_HEADER -IConfig/ -I../SSD1306/ -I./ -I. -I../lufa-LUFA-210130/LUFA/.. -DARCH=ARCH_AVR8 -DBOARD=BOARD_USBKEY -DF_USB=16000000UL   -MMD -MP -MF obj/Endpoint_AVR8.d ../lufa-LUFA-210130/LUFA/Drivers/USB/Core/AVR8/Endpoint_AVR8.c -o obj/Endpoint_AVR8.o
 [GCC]     : Compiling C file "Host_AVR8.c"
avr-gcc -c -pipe -gdwarf-2 -g2 -mmcu=atmega32u4 -fshort-enums -fno-inline-small-functions -Wall -fno-strict-aliasing -funsigned-char -funsigned-bitfields -ffunction-sections -I. -DARCH=ARCH_AVR8 -DDMBS_ARCH_AVR8 -mrelax -fno-jump-tables -x c -Os -std=gnu99 -Wstrict-prototypes -DF_CPU=16000000UL -DUSE_LUFA_CONFIG_HEADER -IConfig/ -I../SSD1306/ -I./ -I. -I../lufa-LUFA-210130/LUFA/.. -DARCH=ARCH_AVR8 -DBOARD=BOARD_USBKEY -DF_USB=16000000UL   -MMD -MP -MF obj/Host_AVR8.d ../lufa-LUFA-210130/LUFA/Drivers/USB/Core/AVR8/Host_AVR8.c -o obj/Host_AVR8.o
 [GCC]     : Compiling C file "PipeStream_AVR8.c"
avr-gcc -c -pipe -gdwarf-2 -g2 -mmcu=atmega32u4 -fshort-enums -fno-inline-small-functions -Wall -fno-strict-aliasing -funsigned-char -funsigned-bitfields -ffunction-sections -I. -DARCH=ARCH_AVR8 -DDMBS_ARCH_AVR8 -mrelax -fno-jump-tables -x c -Os -std=gnu99 -Wstrict-prototypes -DF_CPU=16000000UL -DUSE_LUFA_CONFIG_HEADER -IConfig/ -I../SSD1306/ -I./ -I. -I../lufa-LUFA-210130/LUFA/.. -DARCH=ARCH_AVR8 -DBOARD=BOARD_USBKEY -DF_USB=16000000UL   -MMD -MP -MF obj/PipeStream_AVR8.d ../lufa-LUFA-210130/LUFA/Drivers/USB/Core/AVR8/PipeStream_AVR8.c -o obj/PipeStream_AVR8.o
 [GCC]     : Compiling C file "Pipe_AVR8.c"
avr-gcc -c -pipe -gdwarf-2 -g2 -mmcu=atmega32u4 -fshort-enums -fno-inline-small-functions -Wall -fno-strict-aliasing -funsigned-char -funsigned-bitfields -ffunction-sections -I. -DARCH=ARCH_AVR8 -DDMBS_ARCH_AVR8 -mrelax -fno-jump-tables -x c -Os -std=gnu99 -Wstrict-prototypes -DF_CPU=16000000UL -DUSE_LUFA_CONFIG_HEADER -IConfig/ -I../SSD1306/ -I./ -I. -I../lufa-LUFA-210130/LUFA/.. -DARCH=ARCH_AVR8 -DBOARD=BOARD_USBKEY -DF_USB=16000000UL   -MMD -MP -MF obj/Pipe_AVR8.d ../lufa-LUFA-210130/LUFA/Drivers/USB/Core/AVR8/Pipe_AVR8.c -o obj/Pipe_AVR8.o
 [GCC]     : Compiling C file "USBController_AVR8.c"
avr-gcc -c -pipe -gdwarf-2 -g2 -mmcu=atmega32u4 -fshort-enums -fno-inline-small-functions -Wall -fno-strict-aliasing -funsigned-char -funsigned-bitfields -ffunction-sections -I. -DARCH=ARCH_AVR8 -DDMBS_ARCH_AVR8 -mrelax -fno-jump-tables -x c -Os -std=gnu99 -Wstrict-prototypes -DF_CPU=16000000UL -DUSE_LUFA_CONFIG_HEADER -IConfig/ -I../SSD1306/ -I./ -I. -I../lufa-LUFA-210130/LUFA/.. -DARCH=ARCH_AVR8 -DBOARD=BOARD_USBKEY -DF_USB=16000000UL   -MMD -MP -MF obj/USBController_AVR8.d ../lufa-LUFA-210130/LUFA/Drivers/USB/Core/AVR8/USBController_AVR8.c -o obj/USBController_AVR8.o
 [GCC]     : Compiling C file "USBInterrupt_AVR8.c"
avr-gcc -c -pipe -gdwarf-2 -g2 -mmcu=atmega32u4 -fshort-enums -fno-inline-small-functions -Wall -fno-strict-aliasing -funsigned-char -funsigned-bitfields -ffunction-sections -I. -DARCH=ARCH_AVR8 -DDMBS_ARCH_AVR8 -mrelax -fno-jump-tables -x c -Os -std=gnu99 -Wstrict-prototypes -DF_CPU=16000000UL -DUSE_LUFA_CONFIG_HEADER -IConfig/ -I../SSD1306/ -I./ -I. -I../lufa-LUFA-210130/LUFA/.. -DARCH=ARCH_AVR8 -DBOARD=BOARD_USBKEY -DF_USB=16000000UL   -MMD -MP -MF obj/USBInterrupt_AVR8.d ../lufa-LUFA-210130/LUFA/Drivers/USB/Core/AVR8/USBInterrupt_AVR8.c -o obj/USBInterrupt_AVR8.o
 [GCC]     : Compiling C file "ConfigDescriptors.c"
avr-gcc -c -pipe -gdwarf-2 -g2 -mmcu=atmega32u4 -fshort-enums -fno-inline-small-functions -Wall -fno-strict-aliasing -funsigned-char -funsigned-bitfields -ffunction-sections -I. -DARCH=ARCH_AVR8 -DDMBS_ARCH_AVR8 -mrelax -fno-jump-tables -x c -Os -std=gnu99 -Wstrict-prototypes -DF_CPU=16000000UL -DUSE_LUFA_CONFIG_HEADER -IConfig/ -I../SSD1306/ -I./ -I. -I../lufa-LUFA-210130/LUFA/.. -DARCH=ARCH_AVR8 -DBOARD=BOARD_USBKEY -DF_USB=16000000UL   -MMD -MP -MF obj/ConfigDescriptors.d ../lufa-LUFA-210130/LUFA/Drivers/USB/Core/ConfigDescriptors.c -o obj/ConfigDescriptors.o
 [GCC]     : Compiling C file "DeviceStandardReq.c"
avr-gcc -c -pipe -gdwarf-2 -g2 -mmcu=atmega32u4 -fshort-enums -fno-inline-small-functions -Wall -fno-strict-aliasing -funsigned-char -funsigned-bitfields -ffunction-sections -I. -DARCH=ARCH_AVR8 -DDMBS_ARCH_AVR8 -mrelax -fno-jump-tables -x c -Os -std=gnu99 -Wstrict-prototypes -DF_CPU=16000000UL -DUSE_LUFA_CONFIG_HEADER -IConfig/ -I../SSD1306/ -I./ -I. -I../lufa-LUFA-210130/LUFA/.. -DARCH=ARCH_AVR8 -DBOARD=BOARD_USBKEY -DF_USB=16000000UL   -MMD -MP -MF obj/DeviceStandardReq.d ../lufa-LUFA-210130/LUFA/Drivers/USB/Core/DeviceStandardReq.c -o obj/DeviceStandardReq.o
 [GCC]     : Compiling C file "Events.c"
avr-gcc -c -pipe -gdwarf-2 -g2 -mmcu=atmega32u4 -fshort-enums -fno-inline-small-functions -Wall -fno-strict-aliasing -funsigned-char -funsigned-bitfields -ffunction-sections -I. -DARCH=ARCH_AVR8 -DDMBS_ARCH_AVR8 -mrelax -fno-jump-tables -x c -Os -std=gnu99 -Wstrict-prototypes -DF_CPU=16000000UL -DUSE_LUFA_CONFIG_HEADER -IConfig/ -I../SSD1306/ -I./ -I. -I../lufa-LUFA-210130/LUFA/.. -DARCH=ARCH_AVR8 -DBOARD=BOARD_USBKEY -DF_USB=16000000UL   -MMD -MP -MF obj/Events.d ../lufa-LUFA-210130/LUFA/Drivers/USB/Core/Events.c -o obj/Events.o
 [GCC]     : Compiling C file "HostStandardReq.c"
avr-gcc -c -pipe -gdwarf-2 -g2 -mmcu=atmega32u4 -fshort-enums -fno-inline-small-functions -Wall -fno-strict-aliasing -funsigned-char -funsigned-bitfields -ffunction-sections -I. -DARCH=ARCH_AVR8 -DDMBS_ARCH_AVR8 -mrelax -fno-jump-tables -x c -Os -std=gnu99 -Wstrict-prototypes -DF_CPU=16000000UL -DUSE_LUFA_CONFIG_HEADER -IConfig/ -I../SSD1306/ -I./ -I. -I../lufa-LUFA-210130/LUFA/.. -DARCH=ARCH_AVR8 -DBOARD=BOARD_USBKEY -DF_USB=16000000UL   -MMD -MP -MF obj/HostStandardReq.d ../lufa-LUFA-210130/LUFA/Drivers/USB/Core/HostStandardReq.c -o obj/HostStandardReq.o
 [GCC]     : Compiling C file "USBTask.c"
avr-gcc -c -pipe -gdwarf-2 -g2 -mmcu=atmega32u4 -fshort-enums -fno-inline-small-functions -Wall -fno-strict-aliasing -funsigned-char -funsigned-bitfields -ffunction-sections -I. -DARCH=ARCH_AVR8 -DDMBS_ARCH_AVR8 -mrelax -fno-jump-tables -x c -Os -std=gnu99 -Wstrict-prototypes -DF_CPU=16000000UL -DUSE_LUFA_CONFIG_HEADER -IConfig/ -I../SSD1306/ -I./ -I. -I../lufa-LUFA-210130/LUFA/.. -DARCH=ARCH_AVR8 -DBOARD=BOARD_USBKEY -DF_USB=16000000UL   -MMD -MP -MF obj/USBTask.d ../lufa-LUFA-210130/LUFA/Drivers/USB/Core/USBTask.c -o obj/USBTask.o
 [GCC]     : Compiling C file "AudioClassDevice.c"
avr-gcc -c -pipe -gdwarf-2 -g2 -mmcu=atmega32u4 -fshort-enums -fno-inline-small-functions -Wall -fno-strict-aliasing -funsigned-char -funsigned-bitfields -ffunction-sections -I. -DARCH=ARCH_AVR8 -DDMBS_ARCH_AVR8 -mrelax -fno-jump-tables -x c -Os -std=gnu99 -Wstrict-prototypes -DF_CPU=16000000UL -DUSE_LUFA_CONFIG_HEADER -IConfig/ -I../SSD1306/ -I./ -I. -I../lufa-LUFA-210130/LUFA/.. -DARCH=ARCH_AVR8 -DBOARD=BOARD_USBKEY -DF_USB=16000000UL   -MMD -MP -MF obj/AudioClassDevice.d ../lufa-LUFA-210130/LUFA/Drivers/USB/Class/Device/AudioClassDevice.c -o obj/AudioClassDevice.o
 [GCC]     : Compiling C file "CCIDClassDevice.c"
avr-gcc -c -pipe -gdwarf-2 -g2 -mmcu=atmega32u4 -fshort-enums -fno-inline-small-functions -Wall -fno-strict-aliasing -funsigned-char -funsigned-bitfields -ffunction-sections -I. -DARCH=ARCH_AVR8 -DDMBS_ARCH_AVR8 -mrelax -fno-jump-tables -x c -Os -std=gnu99 -Wstrict-prototypes -DF_CPU=16000000UL -DUSE_LUFA_CONFIG_HEADER -IConfig/ -I../SSD1306/ -I./ -I. -I../lufa-LUFA-210130/LUFA/.. -DARCH=ARCH_AVR8 -DBOARD=BOARD_USBKEY -DF_USB=16000000UL   -MMD -MP -MF obj/CCIDClassDevice.d ../lufa-LUFA-210130/LUFA/Drivers/USB/Class/Device/CCIDClassDevice.c -o obj/CCIDClassDevice.o
 [GCC]     : Compiling C file "CDCClassDevice.c"
avr-gcc -c -pipe -gdwarf-2 -g2 -mmcu=atmega32u4 -fshort-enums -fno-inline-small-functions -Wall -fno-strict-aliasing -funsigned-char -funsigned-bitfields -ffunction-sections -I. -DARCH=ARCH_AVR8 -DDMBS_ARCH_AVR8 -mrelax -fno-jump-tables -x c -Os -std=gnu99 -Wstrict-prototypes -DF_CPU=16000000UL -DUSE_LUFA_CONFIG_HEADER -IConfig/ -I../SSD1306/ -I./ -I. -I../lufa-LUFA-210130/LUFA/.. -DARCH=ARCH_AVR8 -DBOARD=BOARD_USBKEY -DF_USB=16000000UL   -MMD -MP -MF obj/CDCClassDevice.d ../lufa-LUFA-210130/LUFA/Drivers/USB/Class/Device/CDCClassDevice.c -o obj/CDCClassDevice.o
 [GCC]     : Compiling C file "HIDClassDevice.c"
avr-gcc -c -pipe -gdwarf-2 -g2 -mmcu=atmega32u4 -fshort-enums -fno-inline-small-functions -Wall -fno-strict-aliasing -funsigned-char -funsigned-bitfields -ffunction-sections -I. -DARCH=ARCH_AVR8 -DDMBS_ARCH_AVR8 -mrelax -fno-jump-tables -x c -Os -std=gnu99 -Wstrict-prototypes -DF_CPU=16000000UL -DUSE_LUFA_CONFIG_HEADER -IConfig/ -I../SSD1306/ -I./ -I. -I../lufa-LUFA-210130/LUFA/.. -DARCH=ARCH_AVR8 -DBOARD=BOARD_USBKEY -DF_USB=16000000UL   -MMD -MP -MF obj/HIDClassDevice.d ../lufa-LUFA-210130/LUFA/Drivers/USB/Class/Device/HIDClassDevice.c -o obj/HIDClassDevice.o
 [GCC]     : Compiling C file "MassStorageClassDevice.c"
avr-gcc -c -pipe -gdwarf-2 -g2 -mmcu=atmega32u4 -fshort-enums -fno-inline-small-functions -Wall -fno-strict-aliasing -funsigned-char -funsigned-bitfields -ffunction-sections -I. -DARCH=ARCH_AVR8 -DDMBS_ARCH_AVR8 -mrelax -fno-jump-tables -x c -Os -std=gnu99 -Wstrict-prototypes -DF_CPU=16000000UL -DUSE_LUFA_CONFIG_HEADER -IConfig/ -I../SSD1306/ -I./ -I. -I../lufa-LUFA-210130/LUFA/.. -DARCH=ARCH_AVR8 -DBOARD=BOARD_USBKEY -DF_USB=16000000UL   -MMD -MP -MF obj/MassStorageClassDevice.d ../lufa-LUFA-210130/LUFA/Drivers/USB/Class/Device/MassStorageClassDevice.c -o obj/MassStorageClassDevice.o
 [GCC]     : Compiling C file "MIDIClassDevice.c"
avr-gcc -c -pipe -gdwarf-2 -g2 -mmcu=atmega32u4 -fshort-enums -fno-inline-small-functions -Wall -fno-strict-aliasing -funsigned-char -funsigned-bitfields -ffunction-sections -I. -DARCH=ARCH_AVR8 -DDMBS_ARCH_AVR8 -mrelax -fno-jump-tables -x c -Os -std=gnu99 -Wstrict-prototypes -DF_CPU=16000000UL -DUSE_LUFA_CONFIG_HEADER -IConfig/ -I../SSD1306/ -I./ -I. -I../lufa-LUFA-210130/LUFA/.. -DARCH=ARCH_AVR8 -DBOARD=BOARD_USBKEY -DF_USB=16000000UL   -MMD -MP -MF obj/MIDIClassDevice.d ../lufa-LUFA-210130/LUFA/Drivers/USB/Class/Device/MIDIClassDevice.c -o obj/MIDIClassDevice.o
 [GCC]     : Compiling C file "PrinterClassDevice.c"
avr-gcc -c -pipe -gdwarf-2 -g2 -mmcu=atmega32u4 -fshort-enums -fno-inline-small-functions -Wall -fno-strict-aliasing -funsigned-char -funsigned-bitfields -ffunction-sections -I. -DARCH=ARCH_AVR8 -DDMBS_ARCH_AVR8 -mrelax -fno-jump-tables -x c -Os -std=gnu99 -Wstrict-prototypes -DF_CPU=16000000UL -DUSE_LUFA_CONFIG_HEADER -IConfig/ -I../SSD1306/ -I./ -I. -I../lufa-LUFA-210130/LUFA/.. -DARCH=ARCH_AVR8 -DBOARD=BOARD_USBKEY -DF_USB=16000000UL   -MMD -MP -MF obj/PrinterClassDevice.d ../lufa-LUFA-210130/LUFA/Drivers/USB/Class/Device/PrinterClassDevice.c -o obj/PrinterClassDevice.o
 [GCC]     : Compiling C file "RNDISClassDevice.c"
avr-gcc -c -pipe -gdwarf-2 -g2 -mmcu=atmega32u4 -fshort-enums -fno-inline-small-functions -Wall -fno-strict-aliasing -funsigned-char -funsigned-bitfields -ffunction-sections -I. -DARCH=ARCH_AVR8 -DDMBS_ARCH_AVR8 -mrelax -fno-jump-tables -x c -Os -std=gnu99 -Wstrict-prototypes -DF_CPU=16000000UL -DUSE_LUFA_CONFIG_HEADER -IConfig/ -I../SSD1306/ -I./ -I. -I../lufa-LUFA-210130/LUFA/.. -DARCH=ARCH_AVR8 -DBOARD=BOARD_USBKEY -DF_USB=16000000UL   -MMD -MP -MF obj/RNDISClassDevice.d ../lufa-LUFA-210130/LUFA/Drivers/USB/Class/Device/RNDISClassDevice.c -o obj/RNDISClassDevice.o
 [GCC]     : Compiling C file "AndroidAccessoryClassHost.c"
avr-gcc -c -pipe -gdwarf-2 -g2 -mmcu=atmega32u4 -fshort-enums -fno-inline-small-functions -Wall -fno-strict-aliasing -funsigned-char -funsigned-bitfields -ffunction-sections -I. -DARCH=ARCH_AVR8 -DDMBS_ARCH_AVR8 -mrelax -fno-jump-tables -x c -Os -std=gnu99 -Wstrict-prototypes -DF_CPU=16000000UL -DUSE_LUFA_CONFIG_HEADER -IConfig/ -I../SSD1306/ -I./ -I. -I../lufa-LUFA-210130/LUFA/.. -DARCH=ARCH_AVR8 -DBOARD=BOARD_USBKEY -DF_USB=16000000UL   -MMD -MP -MF obj/AndroidAccessoryClassHost.d ../lufa-LUFA-210130/LUFA/Drivers/USB/Class/Host/AndroidAccessoryClassHost.c -o obj/AndroidAccessoryClassHost.o
 [GCC]     : Compiling C file "AudioClassHost.c"
avr-gcc -c -pipe -gdwarf-2 -g2 -mmcu=atmega32u4 -fshort-enums -fno-inline-small-functions -Wall -fno-strict-aliasing -funsigned-char -funsigned-bitfields -ffunction-sections -I. -DARCH=ARCH_AVR8 -DDMBS_ARCH_AVR8 -mrelax -fno-jump-tables -x c -Os -std=gnu99 -Wstrict-prototypes -DF_CPU=16000000UL -DUSE_LUFA_CONFIG_HEADER -IConfig/ -I../SSD1306/ -I./ -I. -I../lufa-LUFA-210130/LUFA/.. -DARCH=ARCH_AVR8 -DBOARD=BOARD_USBKEY -DF_USB=16000000UL   -MMD -MP -MF obj/AudioClassHost.d ../lufa-LUFA-210130/LUFA/Drivers/USB/Class/Host/AudioClassHost.c -o obj/AudioClassHost.o
 [GCC]     : Compiling C file "CDCClassHost.c"
avr-gcc -c -pipe -gdwarf-2 -g2 -mmcu=atmega32u4 -fshort-enums -fno-inline-small-functions -Wall -fno-strict-aliasing -funsigned-char -funsigned-bitfields -ffunction-sections -I. -DARCH=ARCH_AVR8 -DDMBS_ARCH_AVR8 -mrelax -fno-jump-tables -x c -Os -std=gnu99 -Wstrict-prototypes -DF_CPU=16000000UL -DUSE_LUFA_CONFIG_HEADER -IConfig/ -I../SSD1306/ -I./ -I. -I../lufa-LUFA-210130/LUFA/.. -DARCH=ARCH_AVR8 -DBOARD=BOARD_USBKEY -DF_USB=16000000UL   -MMD -MP -MF obj/CDCClassHost.d ../lufa-LUFA-210130/LUFA/Drivers/USB/Class/Host/CDCClassHost.c -o obj/CDCClassHost.o
 [GCC]     : Compiling C file "HIDClassHost.c"
avr-gcc -c -pipe -gdwarf-2 -g2 -mmcu=atmega32u4 -fshort-enums -fno-inline-small-functions -Wall -fno-strict-aliasing -funsigned-char -funsigned-bitfields -ffunction-sections -I. -DARCH=ARCH_AVR8 -DDMBS_ARCH_AVR8 -mrelax -fno-jump-tables -x c -Os -std=gnu99 -Wstrict-prototypes -DF_CPU=16000000UL -DUSE_LUFA_CONFIG_HEADER -IConfig/ -I../SSD1306/ -I./ -I. -I../lufa-LUFA-210130/LUFA/.. -DARCH=ARCH_AVR8 -DBOARD=BOARD_USBKEY -DF_USB=16000000UL   -MMD -MP -MF obj/HIDClassHost.d ../lufa-LUFA-210130/LUFA/Drivers/USB/Class/Host/HIDClassHost.c -o obj/HIDClassHost.o
 [GCC]     : Compiling C file "MassStorageClassHost.c"
avr-gcc -c -pipe -gdwarf-2 -g2 -mmcu=atmega32u4 -fshort-enums -fno-inline-small-functions -Wall -fno-strict-aliasing -funsigned-char -funsigned-bitfields -ffunction-sections -I. -DARCH=ARCH_AVR8 -DDMBS_ARCH_AVR8 -mrelax -fno-jump-tables -x c -Os -std=gnu99 -Wstrict-prototypes -DF_CPU=16000000UL -DUSE_LUFA_CONFIG_HEADER -IConfig/ -I../SSD1306/ -I./ -I. -I../lufa-LUFA-210130/LUFA/.. -DARCH=ARCH_AVR8 -DBOARD=BOARD_USBKEY -DF_USB=16000000UL   -MMD -MP -MF obj/MassStorageClassHost.d ../lufa-LUFA-210130/LUFA/Drivers/USB/Class/Host/MassStorageClassHost.c -o obj/MassStorageClassHost.o
 [GCC]     : Compiling C file "MIDIClassHost.c"
avr-gcc -c -pipe -gdwarf-2 -g2 -mmcu=atmega32u4 -fshort-enums -fno-inline-small-functions -Wall -fno-strict-aliasing -funsigned-char -funsigned-bitfields -ffunction-sections -I. -DARCH=ARCH_AVR8 -DDMBS_ARCH_AVR8 -mrelax -fno-jump-tables -x c -Os -std=gnu99 -Wstrict-prototypes -DF_CPU=16000000UL -DUSE_LUFA_CONFIG_HEADER -IConfig/ -I../SSD1306/ -I./ -I. -I../lufa-LUFA-210130/LUFA/.. -DARCH=ARCH_AVR8 -DBOARD=BOARD_USBKEY -DF_USB=16000000UL   -MMD -MP -MF obj/MIDIClassHost.d ../lufa-LUFA-210130/LUFA/Drivers/USB/Class/Host/MIDIClassHost.c -o obj/MIDIClassHost.o
 [GCC]     : Compiling C file "PrinterClassHost.c"
avr-gcc -c -pipe -gdwarf-2 -g2 -mmcu=atmega32u4 -fshort-enums -fno-inline-small-functions -Wall -fno-strict-aliasing -funsigned-char -funsigned-bitfields -ffunction-sections -I. -DARCH=ARCH_AVR8 -DDMBS_ARCH_AVR8 -mrelax -fno-jump-tables -x c -Os -std=gnu99 -Wstrict-prototypes -DF_CPU=16000000UL -DUSE_LUFA_CONFIG_HEADER -IConfig/ -I../SSD1306/ -I./ -I. -I../lufa-LUFA-210130/LUFA/.. -DARCH=ARCH_AVR8 -DBOARD=BOARD_USBKEY -DF_USB=16000000UL   -MMD -MP -MF obj/PrinterClassHost.d ../lufa-LUFA-210130/LUFA/Drivers/USB/Class/Host/PrinterClassHost.c -o obj/PrinterClassHost.o
 [GCC]     : Compiling C file "RNDISClassHost.c"
avr-gcc -c -pipe -gdwarf-2 -g2 -mmcu=atmega32u4 -fshort-enums -fno-inline-small-functions -Wall -fno-strict-aliasing -funsigned-char -funsigned-bitfields -ffunction-sections -I. -DARCH=ARCH_AVR8 -DDMBS_ARCH_AVR8 -mrelax -fno-jump-tables -x c -Os -std=gnu99 -Wstrict-prototypes -DF_CPU=16000000UL -DUSE_LUFA_CONFIG_HEADER -IConfig/ -I../SSD1306/ -I./ -I. -I../lufa-LUFA-210130/LUFA/.. -DARCH=ARCH_AVR8 -DBOARD=BOARD_USBKEY -DF_USB=16000000UL   -MMD -MP -MF obj/RNDISClassHost.d ../lufa-LUFA-210130/LUFA/Drivers/USB/Class/Host/RNDISClassHost.c -o obj/RNDISClassHost.o
 [GCC]     : Compiling C file "StillImageClassHost.c"
avr-gcc -c -pipe -gdwarf-2 -g2 -mmcu=atmega32u4 -fshort-enums -fno-inline-small-functions -Wall -fno-strict-aliasing -funsigned-char -funsigned-bitfields -ffunction-sections -I. -DARCH=ARCH_AVR8 -DDMBS_ARCH_AVR8 -mrelax -fno-jump-tables -x c -Os -std=gnu99 -Wstrict-prototypes -DF_CPU=16000000UL -DUSE_LUFA_CONFIG_HEADER -IConfig/ -I../SSD1306/ -I./ -I. -I../lufa-LUFA-210130/LUFA/.. -DARCH=ARCH_AVR8 -DBOARD=BOARD_USBKEY -DF_USB=16000000UL   -MMD -MP -MF obj/StillImageClassHost.d ../lufa-LUFA-210130/LUFA/Drivers/USB/Class/Host/StillImageClassHost.c -o obj/StillImageClassHost.o
 [GCC]     : Compiling C file "ssd1306.c"
avr-gcc -c -pipe -gdwarf-2 -g2 -mmcu=atmega32u4 -fshort-enums -fno-inline-small-functions -Wall -fno-strict-aliasing -funsigned-char -funsigned-bitfields -ffunction-sections -I. -DARCH=ARCH_AVR8 -DDMBS_ARCH_AVR8 -mrelax -fno-jump-tables -x c -Os -std=gnu99 -Wstrict-prototypes -DF_CPU=16000000UL -DUSE_LUFA_CONFIG_HEADER -IConfig/ -I../SSD1306/ -I./ -I. -I../lufa-LUFA-210130/LUFA/.. -DARCH=ARCH_AVR8 -DBOARD=BOARD_USBKEY -DF_USB=16000000UL   -MMD -MP -MF obj/ssd1306.d ../SSD1306/lib/ssd1306.c -o obj/ssd1306.o
 [GCC]     : Compiling C file "twi.c"
avr-gcc -c -pipe -gdwarf-2 -g2 -mmcu=atmega32u4 -fshort-enums -fno-inline-small-functions -Wall -fno-strict-aliasing -funsigned-char -funsigned-bitfields -ffunction-sections -I. -DARCH=ARCH_AVR8 -DDMBS_ARCH_AVR8 -mrelax -fno-jump-tables -x c -Os -std=gnu99 -Wstrict-prototypes -DF_CPU=16000000UL -DUSE_LUFA_CONFIG_HEADER -IConfig/ -I../SSD1306/ -I./ -I. -I../lufa-LUFA-210130/LUFA/.. -DARCH=ARCH_AVR8 -DBOARD=BOARD_USBKEY -DF_USB=16000000UL   -MMD -MP -MF obj/twi.d ../SSD1306/lib/twi.c -o obj/twi.o
 [LNK]     : Linking object files into "main.elf"
avr-gcc obj/main.o obj/HIDParser.o obj/Device_AVR8.o obj/EndpointStream_AVR8.o obj/Endpoint_AVR8.o obj/Host_AVR8.o obj/PipeStream_AVR8.o obj/Pipe_AVR8.o obj/USBController_AVR8.o obj/USBInterrupt_AVR8.o obj/ConfigDescriptors.o obj/DeviceStandardReq.o obj/Events.o obj/HostStandardReq.o obj/USBTask.o obj/AudioClassDevice.o obj/CCIDClassDevice.o obj/CDCClassDevice.o obj/HIDClassDevice.o obj/MassStorageClassDevice.o obj/MIDIClassDevice.o obj/PrinterClassDevice.o obj/RNDISClassDevice.o obj/AndroidAccessoryClassHost.o obj/AudioClassHost.o obj/CDCClassHost.o obj/HIDClassHost.o obj/MassStorageClassHost.o obj/MIDIClassHost.o obj/PrinterClassHost.o obj/RNDISClassHost.o obj/StillImageClassHost.o obj/ssd1306.o obj/twi.o -o main.elf -lm -Wl,-Map=main.map,--cref -Wl,--gc-sections -Wl,--relax -mmcu=atmega32u4 
 [OBJCPY]  : Extracting HEX file data from "main.elf"
avr-objcopy -O ihex -R .eeprom -R .fuse -R .lock -R .signature main.elf main.hex
 [OBJCPY]  : Extracting EEP file data from "main.elf"
avr-objcopy -O ihex -j .eeprom --set-section-flags=.eeprom="alloc,load" --change-section-lma .eeprom=0 --no-change-warnings main.elf main.eep || exit 0
 [OBJCPY]  : Extracting BIN file data from "main.elf"
avr-objcopy -O binary -R .eeprom -R .fuse -R .lock -R .signature main.elf main.bin
 [OBJDMP]  : Extracting LSS file data from "main.elf"
avr-objdump -h -d -S -z main.elf > main.lss
 [NM]      : Extracting SYM file data from "main.elf"
avr-nm -n main.elf > main.sym
 [SIZE]    : Determining size of "main.elf"

avr-size --mcu=atmega32u4 --format=avr main.elf
AVR Memory Usage
----------------
Device: atmega32u4

Program:    2220 bytes (6.8% Full)
(.text + .data + .bootloader)

Data:       1061 bytes (41.4% Full)
(.data + .bss + .noinit)


 [INFO]    : Finished building project "main".
